Compiling the CXX compiler identification source file "CMakeCXXCompilerId.cpp" failed.
Compiler: CMAKE_CXX_COMPILER-NOTFOUND 
Build flags: 
Id flags: 

The output was:
No such file or directory


Compiling the CXX compiler identification source file "CMakeCXXCompilerId.cpp" failed.
Compiler: CMAKE_CXX_COMPILER-NOTFOUND 
Build flags: 
Id flags: -c

The output was:
No such file or directory


Checking whether the CXX compiler is IAR using "" did not match "IAR .+ Compiler":
Determining if the pthread_create exist failed with the following output:
Change Dir: /home/ruohan/ale/CMakeFiles/CMakeTmp

Run Build Command:/usr/bin/make "cmTryCompileExec4075743751/fast"
/usr/bin/make -f CMakeFiles/cmTryCompileExec4075743751.dir/build.make CMakeFiles/cmTryCompileExec4075743751.dir/build
make[1]: Entering directory `/home/ruohan/ale/CMakeFiles/CMakeTmp'
/usr/bin/cmake -E cmake_progress_report /home/ruohan/ale/CMakeFiles/CMakeTmp/CMakeFiles 1
Building C object CMakeFiles/cmTryCompileExec4075743751.dir/CheckSymbolExists.c.o
/usr/bin/cc    -o CMakeFiles/cmTryCompileExec4075743751.dir/CheckSymbolExists.c.o   -c /home/ruohan/ale/CMakeFiles/CMakeTmp/CheckSymbolExists.c
Linking C executable cmTryCompileExec4075743751
/usr/bin/cmake -E cmake_link_script CMakeFiles/cmTryCompileExec4075743751.dir/link.txt --verbose=1
/usr/bin/cc       CMakeFiles/cmTryCompileExec4075743751.dir/CheckSymbolExists.c.o  -o cmTryCompileExec4075743751 -rdynamic 
CMakeFiles/cmTryCompileExec4075743751.dir/CheckSymbolExists.c.o: In function `main':
CheckSymbolExists.c:(.text+0x16): undefined reference to `pthread_create'
collect2: error: ld returned 1 exit status
make[1]: Leaving directory `/home/ruohan/ale/CMakeFiles/CMakeTmp'
make[1]: *** [cmTryCompileExec4075743751] Error 1
make: *** [cmTryCompileExec4075743751/fast] Error 2

File /home/ruohan/ale/CMakeFiles/CMakeTmp/CheckSymbolExists.c:
/* */
#include <pthread.h>

int main(int argc, char** argv)
{
  (void)argv;
#ifndef pthread_create
  return ((int*)(&pthread_create))[argc];
#else
  (void)argc;
  return 0;
#endif
}

Determining if the function pthread_create exists in the pthreads failed with the following output:
Change Dir: /home/ruohan/ale/CMakeFiles/CMakeTmp

Run Build Command:/usr/bin/make "cmTryCompileExec3924256052/fast"
/usr/bin/make -f CMakeFiles/cmTryCompileExec3924256052.dir/build.make CMakeFiles/cmTryCompileExec3924256052.dir/build
make[1]: Entering directory `/home/ruohan/ale/CMakeFiles/CMakeTmp'
/usr/bin/cmake -E cmake_progress_report /home/ruohan/ale/CMakeFiles/CMakeTmp/CMakeFiles 1
Building C object CMakeFiles/cmTryCompileExec3924256052.dir/CheckFunctionExists.c.o
/usr/bin/cc   -DCHECK_FUNCTION_EXISTS=pthread_create   -o CMakeFiles/cmTryCompileExec3924256052.dir/CheckFunctionExists.c.o   -c /usr/share/cmake-2.8/Modules/CheckFunctionExists.c
Linking C executable cmTryCompileExec3924256052
/usr/bin/cmake -E cmake_link_script CMakeFiles/cmTryCompileExec3924256052.dir/link.txt --verbose=1
/usr/bin/cc   -DCHECK_FUNCTION_EXISTS=pthread_create    CMakeFiles/cmTryCompileExec3924256052.dir/CheckFunctionExists.c.o  -o cmTryCompileExec3924256052 -rdynamic -lpthreads 
/usr/bin/ld: cannot find -lpthreads
collect2: error: ld returned 1 exit status
make[1]: *** [cmTryCompileExec3924256052] Error 1
make[1]: Leaving directory `/home/ruohan/ale/CMakeFiles/CMakeTmp'
make: *** [cmTryCompileExec3924256052/fast] Error 2


